2023-12-03 14:09:15.213 [info] Log level: Info
2023-12-03 14:09:15.213 [info] Validating found git in: "git"
2023-12-03 14:09:15.213 [info] Using git "2.43.0" from "git"
2023-12-03 14:09:15.213 [info] > git rev-parse --show-toplevel [12ms]
2023-12-03 14:09:15.213 [info] > git rev-parse --git-dir --git-common-dir [2ms]
2023-12-03 14:09:15.213 [info] Open repository: /home/Bergschaf/banach-tarski
2023-12-03 14:09:15.213 [info] > git config --get commit.template [6ms]
2023-12-03 14:09:15.214 [info] > git rev-parse --show-toplevel [3ms]
2023-12-03 14:09:15.225 [info] > git for-each-ref --format=%(refname)%00%(upstream:short)%00%(objectname)%00%(upstream:track)%00%(upstream:remotename)%00%(upstream:remoteref) refs/heads/master refs/remotes/master [6ms]
2023-12-03 14:09:15.236 [info] > git status -z -uall [5ms]
2023-12-03 14:09:15.256 [info] > git config --get commit.template [4ms]
2023-12-03 14:09:15.266 [info] > git for-each-ref --format=%(refname)%00%(upstream:short)%00%(objectname)%00%(upstream:track)%00%(upstream:remotename)%00%(upstream:remoteref) refs/heads/master refs/remotes/master [3ms]
2023-12-03 14:09:15.384 [info] > git status -z -uall [111ms]
2023-12-03 14:09:15.947 [info] > git check-ignore -v -z --stdin [8ms]
2023-12-03 14:09:16.223 [info] > git show --textconv :FreeGroupTest.lean [18ms]
2023-12-03 14:09:16.224 [info] > git ls-files --stage -- /home/Bergschaf/banach-tarski/FreeGroupTest.lean [3ms]
2023-12-03 14:09:16.235 [info] > git cat-file -s 3625501d1e58cc89d84c77acdbf3f693d1cff49d [2ms]
2023-12-03 14:10:19.753 [info] > git config --get commit.template [39ms]
2023-12-03 14:10:19.757 [info] > git for-each-ref --format=%(refname)%00%(upstream:short)%00%(objectname)%00%(upstream:track)%00%(upstream:remotename)%00%(upstream:remoteref) refs/heads/master refs/remotes/master [7ms]
2023-12-03 14:10:19.801 [info] > git status -z -uall [11ms]
2023-12-03 14:44:52.951 [info] > git check-ignore -v -z --stdin [2ms]
2023-12-03 14:44:54.284 [info] > git check-ignore -v -z --stdin [1ms]
2023-12-03 14:44:56.133 [info] > git check-ignore -v -z --stdin [1ms]
2023-12-03 14:44:59.242 [info] > git check-ignore -v -z --stdin [3ms]
2023-12-03 14:45:00.100 [info] > git check-ignore -v -z --stdin [1ms]
2023-12-03 14:45:02.398 [info] > git check-ignore -v -z --stdin [1ms]
2023-12-03 14:45:03.022 [info] > git check-ignore -v -z --stdin [2ms]
2023-12-03 14:45:05.778 [info] > git check-ignore -v -z --stdin [1ms]
2023-12-03 14:45:12.164 [info] > git check-ignore -v -z --stdin [0ms]
2023-12-03 14:45:13.222 [info] > git show --textconv :lake-packages/mathlib/Mathlib/GroupTheory/FreeGroup/Basic.lean [70ms]
2023-12-03 14:45:13.223 [info] > git ls-files --stage -- /home/Bergschaf/banach-tarski/lake-packages/mathlib/Mathlib/GroupTheory/FreeGroup/Basic.lean [15ms]
2023-12-03 14:46:50.902 [info] > git show --textconv :Basic.lean [53ms]
2023-12-03 14:46:50.919 [info] > git ls-files --stage -- /home/Bergschaf/banach-tarski/Basic.lean [24ms]
2023-12-03 14:46:50.977 [info] > git cat-file -s ac93afd9671699de0b60378d513584bda4701075 [14ms]
2023-12-03 14:46:51.105 [info] > git check-ignore -v -z --stdin [17ms]
2023-12-03 14:46:55.593 [info] > git show --textconv :lake-packages/mathlib/Mathlib/GroupTheory/FreeGroup/Basic.lean [43ms]
2023-12-03 14:46:55.623 [info] > git ls-files --stage -- /home/Bergschaf/banach-tarski/lake-packages/mathlib/Mathlib/GroupTheory/FreeGroup/Basic.lean [34ms]
2023-12-03 14:46:57.831 [info] > git show --textconv :FreeGroupTest.lean [41ms]
2023-12-03 14:46:57.838 [info] > git ls-files --stage -- /home/Bergschaf/banach-tarski/FreeGroupTest.lean [7ms]
2023-12-03 14:46:57.864 [info] > git cat-file -s 3625501d1e58cc89d84c77acdbf3f693d1cff49d [6ms]
2023-12-03 14:47:36.956 [info] > git show --textconv :Basic.lean [55ms]
2023-12-03 14:47:36.964 [info] > git ls-files --stage -- /home/Bergschaf/banach-tarski/Basic.lean [8ms]
2023-12-03 14:47:36.993 [info] > git cat-file -s ac93afd9671699de0b60378d513584bda4701075 [4ms]
2023-12-03 14:47:40.436 [info] > git show --textconv :lake-packages/mathlib/Mathlib/GroupTheory/FreeGroup/Basic.lean [23ms]
2023-12-03 14:47:40.438 [info] > git ls-files --stage -- /home/Bergschaf/banach-tarski/lake-packages/mathlib/Mathlib/GroupTheory/FreeGroup/Basic.lean [2ms]
2023-12-03 14:52:50.637 [info] > git show --textconv :Basic.lean [47ms]
2023-12-03 14:52:50.665 [info] > git ls-files --stage -- /home/Bergschaf/banach-tarski/Basic.lean [39ms]
2023-12-03 14:52:50.793 [info] > git cat-file -s ac93afd9671699de0b60378d513584bda4701075 [43ms]
2023-12-03 14:52:57.064 [info] > git show --textconv :lake-packages/mathlib/Mathlib/GroupTheory/FreeGroup/Basic.lean [42ms]
2023-12-03 14:52:57.069 [info] > git ls-files --stage -- /home/Bergschaf/banach-tarski/lake-packages/mathlib/Mathlib/GroupTheory/FreeGroup/Basic.lean [9ms]
2023-12-03 14:52:59.022 [info] > git show --textconv :FreeGroupTest.lean [20ms]
2023-12-03 14:52:59.027 [info] > git ls-files --stage -- /home/Bergschaf/banach-tarski/FreeGroupTest.lean [7ms]
2023-12-03 14:52:59.059 [info] > git cat-file -s 3625501d1e58cc89d84c77acdbf3f693d1cff49d [8ms]
