2023-12-03 12:52:31.588 [info] Log level: Info
2023-12-03 12:52:31.588 [info] Validating found git in: "git"
2023-12-03 12:52:31.588 [info] Using git "2.43.0" from "git"
2023-12-03 12:52:31.588 [info] > git rev-parse --show-toplevel [3ms]
2023-12-03 12:52:31.588 [info] > git rev-parse --git-dir --git-common-dir [2ms]
2023-12-03 12:52:31.588 [info] Open repository: /home/Bergschaf/banach-tarski
2023-12-03 12:52:31.588 [info] > git rev-parse --show-toplevel [11ms]
2023-12-03 12:52:31.588 [info] > git config --get commit.template [19ms]
2023-12-03 12:52:31.588 [info] > git for-each-ref --format=%(refname)%00%(upstream:short)%00%(objectname)%00%(upstream:track)%00%(upstream:remotename)%00%(upstream:remoteref) refs/heads/master refs/remotes/master [7ms]
2023-12-03 12:52:31.588 [info] > git status -z -uall [3ms]
2023-12-03 12:52:31.588 [info] > git config --get commit.template [3ms]
2023-12-03 12:52:31.588 [info] > git for-each-ref --format=%(refname)%00%(upstream:short)%00%(objectname)%00%(upstream:track)%00%(upstream:remotename)%00%(upstream:remoteref) refs/heads/master refs/remotes/master [44ms]
2023-12-03 12:52:31.588 [info] > git status -z -uall [12ms]
2023-12-03 12:52:32.204 [info] > git check-ignore -v -z --stdin [69ms]
2023-12-03 12:52:32.208 [info] > git show --textconv :FreeGroupTest.lean [50ms]
2023-12-03 12:52:32.209 [info] > git ls-files --stage -- /home/Bergschaf/banach-tarski/FreeGroupTest.lean [36ms]
2023-12-03 12:52:32.230 [info] > git cat-file -s 3625501d1e58cc89d84c77acdbf3f693d1cff49d [6ms]
2023-12-03 12:56:14.627 [info] > git config --get commit.template [6ms]
2023-12-03 12:56:14.653 [info] > git for-each-ref --format=%(refname)%00%(upstream:short)%00%(objectname)%00%(upstream:track)%00%(upstream:remotename)%00%(upstream:remoteref) refs/heads/master refs/remotes/master [6ms]
2023-12-03 12:56:14.673 [info] > git status -z -uall [4ms]
2023-12-03 12:56:19.721 [info] > git config --get commit.template [20ms]
2023-12-03 12:56:19.722 [info] > git for-each-ref --format=%(refname)%00%(upstream:short)%00%(objectname)%00%(upstream:track)%00%(upstream:remotename)%00%(upstream:remoteref) refs/heads/master refs/remotes/master [5ms]
2023-12-03 12:56:19.752 [info] > git status -z -uall [4ms]
2023-12-03 12:57:03.586 [info] > git config --get commit.template [1ms]
2023-12-03 12:57:03.595 [info] > git for-each-ref --format=%(refname)%00%(upstream:short)%00%(objectname)%00%(upstream:track)%00%(upstream:remotename)%00%(upstream:remoteref) refs/heads/master refs/remotes/master [2ms]
2023-12-03 12:57:03.608 [info] > git status -z -uall [2ms]
2023-12-03 12:57:08.631 [info] > git config --get commit.template [9ms]
2023-12-03 12:57:08.632 [info] > git for-each-ref --format=%(refname)%00%(upstream:short)%00%(objectname)%00%(upstream:track)%00%(upstream:remotename)%00%(upstream:remoteref) refs/heads/master refs/remotes/master [2ms]
2023-12-03 12:57:08.650 [info] > git status -z -uall [2ms]
2023-12-03 12:57:13.675 [info] > git config --get commit.template [8ms]
2023-12-03 12:57:13.676 [info] > git for-each-ref --format=%(refname)%00%(upstream:short)%00%(objectname)%00%(upstream:track)%00%(upstream:remotename)%00%(upstream:remoteref) refs/heads/master refs/remotes/master [3ms]
2023-12-03 12:57:13.693 [info] > git status -z -uall [2ms]
2023-12-03 12:57:18.710 [info] > git config --get commit.template [2ms]
2023-12-03 12:57:18.720 [info] > git for-each-ref --format=%(refname)%00%(upstream:short)%00%(objectname)%00%(upstream:track)%00%(upstream:remotename)%00%(upstream:remoteref) refs/heads/master refs/remotes/master [2ms]
2023-12-03 12:57:18.730 [info] > git status -z -uall [2ms]
2023-12-03 12:57:31.414 [info] > git config --get commit.template [7ms]
2023-12-03 12:57:31.415 [info] > git for-each-ref --format=%(refname)%00%(upstream:short)%00%(objectname)%00%(upstream:track)%00%(upstream:remotename)%00%(upstream:remoteref) refs/heads/master refs/remotes/master [1ms]
2023-12-03 12:57:31.423 [info] > git status -z -uall [2ms]
2023-12-03 12:57:36.441 [info] > git config --get commit.template [1ms]
2023-12-03 12:57:36.451 [info] > git for-each-ref --format=%(refname)%00%(upstream:short)%00%(objectname)%00%(upstream:track)%00%(upstream:remotename)%00%(upstream:remoteref) refs/heads/master refs/remotes/master [2ms]
2023-12-03 12:57:36.461 [info] > git status -z -uall [2ms]
2023-12-03 12:57:52.995 [info] > git config --get commit.template [9ms]
2023-12-03 12:57:52.996 [info] > git for-each-ref --format=%(refname)%00%(upstream:short)%00%(objectname)%00%(upstream:track)%00%(upstream:remotename)%00%(upstream:remoteref) refs/heads/master refs/remotes/master [2ms]
2023-12-03 12:57:53.013 [info] > git status -z -uall [1ms]
2023-12-03 12:58:00.374 [info] > git config --get commit.template [1ms]
2023-12-03 12:58:00.386 [info] > git for-each-ref --format=%(refname)%00%(upstream:short)%00%(objectname)%00%(upstream:track)%00%(upstream:remotename)%00%(upstream:remoteref) refs/heads/master refs/remotes/master [2ms]
2023-12-03 12:58:00.397 [info] > git status -z -uall [2ms]
2023-12-03 12:58:09.676 [info] > git config --get commit.template [1ms]
2023-12-03 12:58:09.686 [info] > git for-each-ref --format=%(refname)%00%(upstream:short)%00%(objectname)%00%(upstream:track)%00%(upstream:remotename)%00%(upstream:remoteref) refs/heads/master refs/remotes/master [2ms]
2023-12-03 12:58:09.697 [info] > git status -z -uall [3ms]
2023-12-03 12:58:18.339 [info] > git config --get commit.template [9ms]
2023-12-03 12:58:18.340 [info] > git for-each-ref --format=%(refname)%00%(upstream:short)%00%(objectname)%00%(upstream:track)%00%(upstream:remotename)%00%(upstream:remoteref) refs/heads/master refs/remotes/master [2ms]
2023-12-03 12:58:18.349 [info] > git status -z -uall [2ms]
2023-12-03 12:58:29.762 [info] > git config --get commit.template [8ms]
2023-12-03 12:58:29.763 [info] > git for-each-ref --format=%(refname)%00%(upstream:short)%00%(objectname)%00%(upstream:track)%00%(upstream:remotename)%00%(upstream:remoteref) refs/heads/master refs/remotes/master [2ms]
2023-12-03 12:58:29.772 [info] > git status -z -uall [2ms]
2023-12-03 12:58:46.558 [info] > git config --get commit.template [8ms]
2023-12-03 12:58:46.559 [info] > git for-each-ref --format=%(refname)%00%(upstream:short)%00%(objectname)%00%(upstream:track)%00%(upstream:remotename)%00%(upstream:remoteref) refs/heads/master refs/remotes/master [1ms]
2023-12-03 12:58:46.567 [info] > git status -z -uall [2ms]
2023-12-03 12:58:53.326 [info] > git config --get commit.template [2ms]
2023-12-03 12:58:53.337 [info] > git for-each-ref --format=%(refname)%00%(upstream:short)%00%(objectname)%00%(upstream:track)%00%(upstream:remotename)%00%(upstream:remoteref) refs/heads/master refs/remotes/master [1ms]
2023-12-03 12:58:53.348 [info] > git status -z -uall [3ms]
2023-12-03 12:59:03.292 [info] > git config --get commit.template [9ms]
2023-12-03 12:59:03.293 [info] > git for-each-ref --format=%(refname)%00%(upstream:short)%00%(objectname)%00%(upstream:track)%00%(upstream:remotename)%00%(upstream:remoteref) refs/heads/master refs/remotes/master [2ms]
2023-12-03 12:59:03.311 [info] > git status -z -uall [2ms]
2023-12-03 12:59:23.128 [info] > git config --get commit.template [8ms]
2023-12-03 12:59:23.128 [info] > git for-each-ref --format=%(refname)%00%(upstream:short)%00%(objectname)%00%(upstream:track)%00%(upstream:remotename)%00%(upstream:remoteref) refs/heads/master refs/remotes/master [1ms]
2023-12-03 12:59:23.147 [info] > git status -z -uall [2ms]
2023-12-03 13:01:11.266 [info] > git config --get commit.template [9ms]
2023-12-03 13:01:11.267 [info] > git for-each-ref --format=%(refname)%00%(upstream:short)%00%(objectname)%00%(upstream:track)%00%(upstream:remotename)%00%(upstream:remoteref) refs/heads/master refs/remotes/master [1ms]
2023-12-03 13:01:11.276 [info] > git status -z -uall [2ms]
2023-12-03 13:01:16.291 [info] > git config --get commit.template [6ms]
2023-12-03 13:01:16.293 [info] > git for-each-ref --format=%(refname)%00%(upstream:short)%00%(objectname)%00%(upstream:track)%00%(upstream:remotename)%00%(upstream:remoteref) refs/heads/master refs/remotes/master [1ms]
2023-12-03 13:01:16.300 [info] > git status -z -uall [2ms]
2023-12-03 13:03:58.663 [info] > git config --get commit.template [8ms]
2023-12-03 13:03:58.664 [info] > git for-each-ref --format=%(refname)%00%(upstream:short)%00%(objectname)%00%(upstream:track)%00%(upstream:remotename)%00%(upstream:remoteref) refs/heads/master refs/remotes/master [2ms]
2023-12-03 13:03:58.673 [info] > git status -z -uall [1ms]
2023-12-03 13:04:03.691 [info] > git config --get commit.template [7ms]
2023-12-03 13:04:03.692 [info] > git for-each-ref --format=%(refname)%00%(upstream:short)%00%(objectname)%00%(upstream:track)%00%(upstream:remotename)%00%(upstream:remoteref) refs/heads/master refs/remotes/master [1ms]
2023-12-03 13:04:03.699 [info] > git status -z -uall [1ms]
2023-12-03 13:04:23.302 [info] > git config --get commit.template [8ms]
2023-12-03 13:04:23.303 [info] > git for-each-ref --format=%(refname)%00%(upstream:short)%00%(objectname)%00%(upstream:track)%00%(upstream:remotename)%00%(upstream:remoteref) refs/heads/master refs/remotes/master [2ms]
2023-12-03 13:04:23.321 [info] > git status -z -uall [2ms]
2023-12-03 13:06:06.124 [info] > git config --get commit.template [7ms]
2023-12-03 13:06:06.125 [info] > git for-each-ref --format=%(refname)%00%(upstream:short)%00%(objectname)%00%(upstream:track)%00%(upstream:remotename)%00%(upstream:remoteref) refs/heads/master refs/remotes/master [1ms]
2023-12-03 13:06:06.133 [info] > git status -z -uall [2ms]
2023-12-03 13:06:11.151 [info] > git config --get commit.template [6ms]
2023-12-03 13:06:11.152 [info] > git for-each-ref --format=%(refname)%00%(upstream:short)%00%(objectname)%00%(upstream:track)%00%(upstream:remotename)%00%(upstream:remoteref) refs/heads/master refs/remotes/master [1ms]
2023-12-03 13:06:11.160 [info] > git status -z -uall [2ms]
2023-12-03 13:06:25.219 [info] > git config --get commit.template [1ms]
2023-12-03 13:06:25.229 [info] > git for-each-ref --format=%(refname)%00%(upstream:short)%00%(objectname)%00%(upstream:track)%00%(upstream:remotename)%00%(upstream:remoteref) refs/heads/master refs/remotes/master [2ms]
2023-12-03 13:06:25.239 [info] > git status -z -uall [2ms]
2023-12-03 13:07:06.821 [info] > git config --get commit.template [8ms]
2023-12-03 13:07:06.822 [info] > git for-each-ref --format=%(refname)%00%(upstream:short)%00%(objectname)%00%(upstream:track)%00%(upstream:remotename)%00%(upstream:remoteref) refs/heads/master refs/remotes/master [2ms]
2023-12-03 13:07:06.830 [info] > git status -z -uall [2ms]
2023-12-03 13:07:18.184 [info] > git config --get commit.template [5ms]
2023-12-03 13:07:18.184 [info] > git for-each-ref --format=%(refname)%00%(upstream:short)%00%(objectname)%00%(upstream:track)%00%(upstream:remotename)%00%(upstream:remoteref) refs/heads/master refs/remotes/master [1ms]
2023-12-03 13:07:18.189 [info] > git status -z -uall [1ms]
2023-12-03 13:07:31.072 [info] > git config --get commit.template [5ms]
2023-12-03 13:07:31.072 [info] > git for-each-ref --format=%(refname)%00%(upstream:short)%00%(objectname)%00%(upstream:track)%00%(upstream:remotename)%00%(upstream:remoteref) refs/heads/master refs/remotes/master [1ms]
2023-12-03 13:07:31.078 [info] > git status -z -uall [1ms]
2023-12-03 13:07:36.091 [info] > git config --get commit.template [5ms]
2023-12-03 13:07:36.092 [info] > git for-each-ref --format=%(refname)%00%(upstream:short)%00%(objectname)%00%(upstream:track)%00%(upstream:remotename)%00%(upstream:remoteref) refs/heads/master refs/remotes/master [1ms]
2023-12-03 13:07:36.097 [info] > git status -z -uall [2ms]
2023-12-03 13:07:41.108 [info] > git config --get commit.template [5ms]
2023-12-03 13:07:41.108 [info] > git for-each-ref --format=%(refname)%00%(upstream:short)%00%(objectname)%00%(upstream:track)%00%(upstream:remotename)%00%(upstream:remoteref) refs/heads/master refs/remotes/master [1ms]
2023-12-03 13:07:41.113 [info] > git status -z -uall [1ms]
2023-12-03 13:07:46.125 [info] > git config --get commit.template [5ms]
2023-12-03 13:07:46.125 [info] > git for-each-ref --format=%(refname)%00%(upstream:short)%00%(objectname)%00%(upstream:track)%00%(upstream:remotename)%00%(upstream:remoteref) refs/heads/master refs/remotes/master [1ms]
2023-12-03 13:07:46.130 [info] > git status -z -uall [1ms]
2023-12-03 13:07:51.143 [info] > git config --get commit.template [5ms]
2023-12-03 13:07:51.143 [info] > git for-each-ref --format=%(refname)%00%(upstream:short)%00%(objectname)%00%(upstream:track)%00%(upstream:remotename)%00%(upstream:remoteref) refs/heads/master refs/remotes/master [1ms]
2023-12-03 13:07:51.183 [info] > git status -z -uall [2ms]
2023-12-03 13:38:52.342 [info] > git check-ignore -v -z --stdin [44ms]
2023-12-03 13:38:52.638 [info] > git show --textconv :lake-packages/mathlib/Mathlib/GroupTheory/FreeGroup/Basic.lean [25ms]
2023-12-03 13:38:52.638 [info] > git ls-files --stage -- /home/Bergschaf/banach-tarski/lake-packages/mathlib/Mathlib/GroupTheory/FreeGroup/Basic.lean [7ms]
2023-12-03 13:40:13.169 [info] > git show --textconv :Basic.lean [17ms]
2023-12-03 13:40:13.171 [info] > git ls-files --stage -- /home/Bergschaf/banach-tarski/Basic.lean [3ms]
2023-12-03 13:40:13.189 [info] > git cat-file -s ac93afd9671699de0b60378d513584bda4701075 [4ms]
2023-12-03 13:40:14.239 [info] > git show --textconv :FreeGroupTest.lean [23ms]
2023-12-03 13:40:14.242 [info] > git ls-files --stage -- /home/Bergschaf/banach-tarski/FreeGroupTest.lean [4ms]
2023-12-03 13:40:14.289 [info] > git cat-file -s 3625501d1e58cc89d84c77acdbf3f693d1cff49d [14ms]
