2023-12-03 12:40:03.657 [info] Log level: Info
2023-12-03 12:40:03.657 [info] Validating found git in: "git"
2023-12-03 12:40:03.657 [info] Using git "2.43.0" from "git"
2023-12-03 12:40:03.657 [info] > git rev-parse --show-toplevel [8ms]
2023-12-03 12:40:03.657 [info] > git rev-parse --git-dir --git-common-dir [11ms]
2023-12-03 12:40:03.657 [info] Open repository: /home/Bergschaf/banach-tarski
2023-12-03 12:40:03.657 [info] > git rev-parse --show-toplevel [135ms]
2023-12-03 12:40:03.657 [info] > git config --get commit.template [180ms]
2023-12-03 12:40:03.657 [info] > git for-each-ref --format=%(refname)%00%(upstream:short)%00%(objectname)%00%(upstream:track)%00%(upstream:remotename)%00%(upstream:remoteref) refs/heads/master refs/remotes/master [11ms]
2023-12-03 12:40:03.657 [info] > git status -z -uall [9ms]
2023-12-03 12:40:03.657 [info] > git config --get commit.template [24ms]
2023-12-03 12:40:03.657 [info] > git for-each-ref --format=%(refname)%00%(upstream:short)%00%(objectname)%00%(upstream:track)%00%(upstream:remotename)%00%(upstream:remoteref) refs/heads/master refs/remotes/master [6ms]
2023-12-03 12:40:03.657 [info] > git status -z -uall [4ms]
2023-12-03 12:40:05.381 [info] > git check-ignore -v -z --stdin [8ms]
2023-12-03 12:40:08.508 [info] > git show --textconv :FreeGroupTest.lean [57ms]
2023-12-03 12:40:08.509 [info] > git ls-files --stage -- /home/Bergschaf/banach-tarski/FreeGroupTest.lean [6ms]
2023-12-03 12:40:08.578 [info] > git cat-file -s 3625501d1e58cc89d84c77acdbf3f693d1cff49d [10ms]
2023-12-03 12:40:22.812 [info] > git config --get commit.template [36ms]
2023-12-03 12:40:22.817 [info] > git for-each-ref --format=%(refname)%00%(upstream:short)%00%(objectname)%00%(upstream:track)%00%(upstream:remotename)%00%(upstream:remoteref) refs/heads/master refs/remotes/master [7ms]
2023-12-03 12:40:22.858 [info] > git status -z -uall [8ms]
2023-12-03 12:40:29.614 [info] > git config --get commit.template [5ms]
2023-12-03 12:40:29.652 [info] > git for-each-ref --format=%(refname)%00%(upstream:short)%00%(objectname)%00%(upstream:track)%00%(upstream:remotename)%00%(upstream:remoteref) refs/heads/master refs/remotes/master [4ms]
2023-12-03 12:40:29.699 [info] > git status -z -uall [13ms]
2023-12-03 12:40:43.530 [info] > git config --get commit.template [5ms]
2023-12-03 12:40:43.557 [info] > git for-each-ref --format=%(refname)%00%(upstream:short)%00%(objectname)%00%(upstream:track)%00%(upstream:remotename)%00%(upstream:remoteref) refs/heads/master refs/remotes/master [5ms]
2023-12-03 12:40:43.583 [info] > git status -z -uall [3ms]
2023-12-03 12:40:57.024 [info] > git config --get commit.template [3ms]
2023-12-03 12:40:57.054 [info] > git for-each-ref --format=%(refname)%00%(upstream:short)%00%(objectname)%00%(upstream:track)%00%(upstream:remotename)%00%(upstream:remoteref) refs/heads/master refs/remotes/master [7ms]
2023-12-03 12:40:57.074 [info] > git status -z -uall [4ms]
2023-12-03 12:41:07.429 [info] > git config --get commit.template [51ms]
2023-12-03 12:41:07.431 [info] > git for-each-ref --format=%(refname)%00%(upstream:short)%00%(objectname)%00%(upstream:track)%00%(upstream:remotename)%00%(upstream:remoteref) refs/heads/master refs/remotes/master [7ms]
2023-12-03 12:41:07.481 [info] > git status -z -uall [9ms]
2023-12-03 12:41:12.573 [info] > git config --get commit.template [39ms]
2023-12-03 12:41:12.577 [info] > git for-each-ref --format=%(refname)%00%(upstream:short)%00%(objectname)%00%(upstream:track)%00%(upstream:remotename)%00%(upstream:remoteref) refs/heads/master refs/remotes/master [5ms]
2023-12-03 12:41:12.610 [info] > git status -z -uall [3ms]
2023-12-03 12:41:28.671 [info] > git config --get commit.template [2ms]
2023-12-03 12:41:28.689 [info] > git for-each-ref --format=%(refname)%00%(upstream:short)%00%(objectname)%00%(upstream:track)%00%(upstream:remotename)%00%(upstream:remoteref) refs/heads/master refs/remotes/master [3ms]
2023-12-03 12:41:28.705 [info] > git status -z -uall [4ms]
2023-12-03 12:41:39.051 [info] > git config --get commit.template [2ms]
2023-12-03 12:41:39.089 [info] > git for-each-ref --format=%(refname)%00%(upstream:short)%00%(objectname)%00%(upstream:track)%00%(upstream:remotename)%00%(upstream:remoteref) refs/heads/master refs/remotes/master [4ms]
2023-12-03 12:41:39.115 [info] > git status -z -uall [4ms]
2023-12-03 12:41:44.157 [info] > git config --get commit.template [13ms]
2023-12-03 12:41:44.158 [info] > git for-each-ref --format=%(refname)%00%(upstream:short)%00%(objectname)%00%(upstream:track)%00%(upstream:remotename)%00%(upstream:remoteref) refs/heads/master refs/remotes/master [3ms]
2023-12-03 12:41:44.176 [info] > git status -z -uall [3ms]
2023-12-03 12:41:49.349 [info] > git config --get commit.template [9ms]
2023-12-03 12:41:49.377 [info] > git for-each-ref --format=%(refname)%00%(upstream:short)%00%(objectname)%00%(upstream:track)%00%(upstream:remotename)%00%(upstream:remoteref) refs/heads/master refs/remotes/master [5ms]
2023-12-03 12:41:49.399 [info] > git status -z -uall [4ms]
2023-12-03 12:41:56.768 [info] > git config --get commit.template [50ms]
2023-12-03 12:41:56.778 [info] > git for-each-ref --format=%(refname)%00%(upstream:short)%00%(objectname)%00%(upstream:track)%00%(upstream:remotename)%00%(upstream:remoteref) refs/heads/master refs/remotes/master [14ms]
2023-12-03 12:41:56.820 [info] > git status -z -uall [8ms]
2023-12-03 12:42:24.164 [info] > git config --get commit.template [26ms]
2023-12-03 12:42:24.166 [info] > git for-each-ref --format=%(refname)%00%(upstream:short)%00%(objectname)%00%(upstream:track)%00%(upstream:remotename)%00%(upstream:remoteref) refs/heads/master refs/remotes/master [4ms]
2023-12-03 12:42:24.206 [info] > git status -z -uall [5ms]
2023-12-03 12:42:29.403 [info] > git config --get commit.template [6ms]
2023-12-03 12:42:29.430 [info] > git for-each-ref --format=%(refname)%00%(upstream:short)%00%(objectname)%00%(upstream:track)%00%(upstream:remotename)%00%(upstream:remoteref) refs/heads/master refs/remotes/master [4ms]
2023-12-03 12:42:29.452 [info] > git status -z -uall [5ms]
2023-12-03 12:42:47.074 [info] > git config --get commit.template [4ms]
2023-12-03 12:42:47.098 [info] > git for-each-ref --format=%(refname)%00%(upstream:short)%00%(objectname)%00%(upstream:track)%00%(upstream:remotename)%00%(upstream:remoteref) refs/heads/master refs/remotes/master [4ms]
2023-12-03 12:42:47.128 [info] > git status -z -uall [4ms]
2023-12-03 12:43:03.999 [info] > git config --get commit.template [7ms]
2023-12-03 12:43:04.020 [info] > git for-each-ref --format=%(refname)%00%(upstream:short)%00%(objectname)%00%(upstream:track)%00%(upstream:remotename)%00%(upstream:remoteref) refs/heads/master refs/remotes/master [4ms]
2023-12-03 12:43:04.041 [info] > git status -z -uall [3ms]
2023-12-03 12:43:16.349 [info] > git config --get commit.template [5ms]
2023-12-03 12:43:16.366 [info] > git for-each-ref --format=%(refname)%00%(upstream:short)%00%(objectname)%00%(upstream:track)%00%(upstream:remotename)%00%(upstream:remoteref) refs/heads/master refs/remotes/master [4ms]
2023-12-03 12:43:16.381 [info] > git status -z -uall [1ms]
2023-12-03 12:43:26.433 [info] > git config --get commit.template [4ms]
2023-12-03 12:43:26.458 [info] > git for-each-ref --format=%(refname)%00%(upstream:short)%00%(objectname)%00%(upstream:track)%00%(upstream:remotename)%00%(upstream:remoteref) refs/heads/master refs/remotes/master [3ms]
2023-12-03 12:43:26.477 [info] > git status -z -uall [4ms]
2023-12-03 12:43:58.433 [info] > git config --get commit.template [6ms]
2023-12-03 12:43:58.454 [info] > git for-each-ref --format=%(refname)%00%(upstream:short)%00%(objectname)%00%(upstream:track)%00%(upstream:remotename)%00%(upstream:remoteref) refs/heads/master refs/remotes/master [4ms]
2023-12-03 12:43:58.475 [info] > git status -z -uall [5ms]
2023-12-03 12:44:11.044 [info] > git config --get commit.template [33ms]
2023-12-03 12:44:11.048 [info] > git for-each-ref --format=%(refname)%00%(upstream:short)%00%(objectname)%00%(upstream:track)%00%(upstream:remotename)%00%(upstream:remoteref) refs/heads/master refs/remotes/master [8ms]
2023-12-03 12:44:11.105 [info] > git status -z -uall [9ms]
2023-12-03 12:44:16.145 [info] > git config --get commit.template [2ms]
2023-12-03 12:44:16.169 [info] > git for-each-ref --format=%(refname)%00%(upstream:short)%00%(objectname)%00%(upstream:track)%00%(upstream:remotename)%00%(upstream:remoteref) refs/heads/master refs/remotes/master [3ms]
2023-12-03 12:44:16.185 [info] > git status -z -uall [4ms]
2023-12-03 12:44:34.975 [info] > git config --get commit.template [2ms]
2023-12-03 12:44:34.994 [info] > git for-each-ref --format=%(refname)%00%(upstream:short)%00%(objectname)%00%(upstream:track)%00%(upstream:remotename)%00%(upstream:remoteref) refs/heads/master refs/remotes/master [4ms]
2023-12-03 12:44:35.018 [info] > git status -z -uall [5ms]
2023-12-03 12:44:40.043 [info] > git config --get commit.template [2ms]
2023-12-03 12:44:40.057 [info] > git for-each-ref --format=%(refname)%00%(upstream:short)%00%(objectname)%00%(upstream:track)%00%(upstream:remotename)%00%(upstream:remoteref) refs/heads/master refs/remotes/master [2ms]
2023-12-03 12:44:40.069 [info] > git status -z -uall [2ms]
2023-12-03 12:44:45.102 [info] > git config --get commit.template [13ms]
2023-12-03 12:44:45.103 [info] > git for-each-ref --format=%(refname)%00%(upstream:short)%00%(objectname)%00%(upstream:track)%00%(upstream:remotename)%00%(upstream:remoteref) refs/heads/master refs/remotes/master [3ms]
2023-12-03 12:44:45.117 [info] > git status -z -uall [3ms]
2023-12-03 12:44:52.947 [info] > git config --get commit.template [5ms]
2023-12-03 12:44:52.972 [info] > git for-each-ref --format=%(refname)%00%(upstream:short)%00%(objectname)%00%(upstream:track)%00%(upstream:remotename)%00%(upstream:remoteref) refs/heads/master refs/remotes/master [5ms]
2023-12-03 12:44:52.998 [info] > git status -z -uall [5ms]
2023-12-03 12:45:01.574 [info] > git config --get commit.template [15ms]
2023-12-03 12:45:01.576 [info] > git for-each-ref --format=%(refname)%00%(upstream:short)%00%(objectname)%00%(upstream:track)%00%(upstream:remotename)%00%(upstream:remoteref) refs/heads/master refs/remotes/master [4ms]
2023-12-03 12:45:01.593 [info] > git status -z -uall [4ms]
2023-12-03 12:46:22.309 [info] > git config --get commit.template [28ms]
2023-12-03 12:46:22.312 [info] > git for-each-ref --format=%(refname)%00%(upstream:short)%00%(objectname)%00%(upstream:track)%00%(upstream:remotename)%00%(upstream:remoteref) refs/heads/master refs/remotes/master [5ms]
2023-12-03 12:46:22.344 [info] > git status -z -uall [6ms]
2023-12-03 12:46:50.964 [info] > git config --get commit.template [6ms]
2023-12-03 12:46:50.995 [info] > git for-each-ref --format=%(refname)%00%(upstream:short)%00%(objectname)%00%(upstream:track)%00%(upstream:remotename)%00%(upstream:remoteref) refs/heads/master refs/remotes/master [8ms]
2023-12-03 12:46:51.025 [info] > git status -z -uall [9ms]
2023-12-03 12:46:56.080 [info] > git config --get commit.template [4ms]
2023-12-03 12:46:56.113 [info] > git for-each-ref --format=%(refname)%00%(upstream:short)%00%(objectname)%00%(upstream:track)%00%(upstream:remotename)%00%(upstream:remoteref) refs/heads/master refs/remotes/master [5ms]
2023-12-03 12:46:56.144 [info] > git status -z -uall [4ms]
2023-12-03 12:47:13.904 [info] > git config --get commit.template [9ms]
2023-12-03 12:47:13.961 [info] > git for-each-ref --format=%(refname)%00%(upstream:short)%00%(objectname)%00%(upstream:track)%00%(upstream:remotename)%00%(upstream:remoteref) refs/heads/master refs/remotes/master [22ms]
2023-12-03 12:47:14.009 [info] > git status -z -uall [10ms]
2023-12-03 12:47:43.013 [info] > git config --get commit.template [5ms]
2023-12-03 12:47:43.042 [info] > git for-each-ref --format=%(refname)%00%(upstream:short)%00%(objectname)%00%(upstream:track)%00%(upstream:remotename)%00%(upstream:remoteref) refs/heads/master refs/remotes/master [5ms]
2023-12-03 12:47:43.077 [info] > git status -z -uall [7ms]
2023-12-03 12:47:48.129 [info] > git config --get commit.template [3ms]
2023-12-03 12:47:48.170 [info] > git for-each-ref --format=%(refname)%00%(upstream:short)%00%(objectname)%00%(upstream:track)%00%(upstream:remotename)%00%(upstream:remoteref) refs/heads/master refs/remotes/master [7ms]
2023-12-03 12:47:48.209 [info] > git status -z -uall [10ms]
2023-12-03 12:47:53.276 [info] > git config --get commit.template [5ms]
2023-12-03 12:47:53.319 [info] > git for-each-ref --format=%(refname)%00%(upstream:short)%00%(objectname)%00%(upstream:track)%00%(upstream:remotename)%00%(upstream:remoteref) refs/heads/master refs/remotes/master [6ms]
2023-12-03 12:47:53.354 [info] > git status -z -uall [4ms]
2023-12-03 12:47:58.432 [info] > git for-each-ref --format=%(refname)%00%(upstream:short)%00%(objectname)%00%(upstream:track)%00%(upstream:remotename)%00%(upstream:remoteref) refs/heads/master refs/remotes/master [1ms]
2023-12-03 12:47:58.432 [info] > git config --get commit.template [34ms]
2023-12-03 12:47:58.462 [info] > git status -z -uall [3ms]
2023-12-03 12:48:41.518 [info] > git config --get commit.template [7ms]
2023-12-03 12:48:41.559 [info] > git for-each-ref --format=%(refname)%00%(upstream:short)%00%(objectname)%00%(upstream:track)%00%(upstream:remotename)%00%(upstream:remoteref) refs/heads/master refs/remotes/master [10ms]
2023-12-03 12:48:41.604 [info] > git status -z -uall [10ms]
2023-12-03 12:48:51.030 [info] > git config --get commit.template [48ms]
2023-12-03 12:48:51.036 [info] > git for-each-ref --format=%(refname)%00%(upstream:short)%00%(objectname)%00%(upstream:track)%00%(upstream:remotename)%00%(upstream:remoteref) refs/heads/master refs/remotes/master [12ms]
2023-12-03 12:48:51.091 [info] > git status -z -uall [14ms]
2023-12-03 12:48:56.761 [info] > git config --get commit.template [6ms]
2023-12-03 12:48:56.810 [info] > git for-each-ref --format=%(refname)%00%(upstream:short)%00%(objectname)%00%(upstream:track)%00%(upstream:remotename)%00%(upstream:remoteref) refs/heads/master refs/remotes/master [5ms]
2023-12-03 12:48:56.863 [info] > git status -z -uall [9ms]
2023-12-03 12:49:01.977 [info] > git config --get commit.template [43ms]
2023-12-03 12:49:01.979 [info] > git for-each-ref --format=%(refname)%00%(upstream:short)%00%(objectname)%00%(upstream:track)%00%(upstream:remotename)%00%(upstream:remoteref) refs/heads/master refs/remotes/master [8ms]
2023-12-03 12:49:02.025 [info] > git status -z -uall [11ms]
2023-12-03 12:49:07.109 [info] > git config --get commit.template [9ms]
2023-12-03 12:49:07.175 [info] > git for-each-ref --format=%(refname)%00%(upstream:short)%00%(objectname)%00%(upstream:track)%00%(upstream:remotename)%00%(upstream:remoteref) refs/heads/master refs/remotes/master [1ms]
2023-12-03 12:49:07.218 [info] > git status -z -uall [7ms]
2023-12-03 12:49:17.680 [info] > git config --get commit.template [12ms]
2023-12-03 12:49:17.749 [info] > git for-each-ref --format=%(refname)%00%(upstream:short)%00%(objectname)%00%(upstream:track)%00%(upstream:remotename)%00%(upstream:remoteref) refs/heads/master refs/remotes/master [13ms]
2023-12-03 12:49:17.818 [info] > git status -z -uall [10ms]
2023-12-03 12:49:22.901 [info] > git config --get commit.template [4ms]
2023-12-03 12:49:22.954 [info] > git for-each-ref --format=%(refname)%00%(upstream:short)%00%(objectname)%00%(upstream:track)%00%(upstream:remotename)%00%(upstream:remoteref) refs/heads/master refs/remotes/master [4ms]
2023-12-03 12:49:23.004 [info] > git status -z -uall [10ms]
2023-12-03 12:49:28.109 [info] > git config --get commit.template [32ms]
2023-12-03 12:49:28.114 [info] > git for-each-ref --format=%(refname)%00%(upstream:short)%00%(objectname)%00%(upstream:track)%00%(upstream:remotename)%00%(upstream:remoteref) refs/heads/master refs/remotes/master [6ms]
2023-12-03 12:49:28.146 [info] > git status -z -uall [3ms]
2023-12-03 12:49:33.268 [info] > git config --get commit.template [53ms]
2023-12-03 12:49:33.274 [info] > git for-each-ref --format=%(refname)%00%(upstream:short)%00%(objectname)%00%(upstream:track)%00%(upstream:remotename)%00%(upstream:remoteref) refs/heads/master refs/remotes/master [8ms]
2023-12-03 12:49:33.333 [info] > git status -z -uall [12ms]
2023-12-03 12:49:42.608 [info] > git config --get commit.template [9ms]
2023-12-03 12:49:42.668 [info] > git for-each-ref --format=%(refname)%00%(upstream:short)%00%(objectname)%00%(upstream:track)%00%(upstream:remotename)%00%(upstream:remoteref) refs/heads/master refs/remotes/master [7ms]
2023-12-03 12:49:42.720 [info] > git status -z -uall [8ms]
2023-12-03 12:49:47.809 [info] > git config --get commit.template [8ms]
2023-12-03 12:49:47.865 [info] > git for-each-ref --format=%(refname)%00%(upstream:short)%00%(objectname)%00%(upstream:track)%00%(upstream:remotename)%00%(upstream:remoteref) refs/heads/master refs/remotes/master [7ms]
2023-12-03 12:49:47.918 [info] > git status -z -uall [5ms]
2023-12-03 12:49:54.109 [info] > git config --get commit.template [36ms]
2023-12-03 12:49:54.122 [info] > git for-each-ref --format=%(refname)%00%(upstream:short)%00%(objectname)%00%(upstream:track)%00%(upstream:remotename)%00%(upstream:remoteref) refs/heads/master refs/remotes/master [14ms]
2023-12-03 12:49:54.175 [info] > git status -z -uall [9ms]
2023-12-03 12:49:59.315 [info] > git config --get commit.template [52ms]
2023-12-03 12:49:59.323 [info] > git for-each-ref --format=%(refname)%00%(upstream:short)%00%(objectname)%00%(upstream:track)%00%(upstream:remotename)%00%(upstream:remoteref) refs/heads/master refs/remotes/master [9ms]
2023-12-03 12:49:59.373 [info] > git status -z -uall [9ms]
2023-12-03 12:50:38.844 [info] > git config --get commit.template [10ms]
2023-12-03 12:50:38.881 [info] > git for-each-ref --format=%(refname)%00%(upstream:short)%00%(objectname)%00%(upstream:track)%00%(upstream:remotename)%00%(upstream:remoteref) refs/heads/master refs/remotes/master [13ms]
2023-12-03 12:50:38.946 [info] > git status -z -uall [20ms]
2023-12-03 12:50:54.844 [info] > git config --get commit.template [98ms]
2023-12-03 12:50:54.866 [info] > git for-each-ref --format=%(refname)%00%(upstream:short)%00%(objectname)%00%(upstream:track)%00%(upstream:remotename)%00%(upstream:remoteref) refs/heads/master refs/remotes/master [31ms]
2023-12-03 12:50:54.946 [info] > git status -z -uall [16ms]
2023-12-03 12:51:02.157 [info] > git config --get commit.template [62ms]
