2023-12-03 10:40:58.911 [info] Log level: Info
2023-12-03 10:40:58.911 [info] Validating found git in: "git"
2023-12-03 10:40:58.911 [info] Using git "2.43.0" from "git"
2023-12-03 10:40:58.911 [info] > git rev-parse --show-toplevel [3ms]
2023-12-03 10:40:58.911 [info] > git rev-parse --git-dir --git-common-dir [2ms]
2023-12-03 10:40:58.911 [info] Open repository: /home/Bergschaf/banach-tarski
2023-12-03 10:40:58.911 [info] > git config --get commit.template [6ms]
2023-12-03 10:40:58.911 [info] > git rev-parse --show-toplevel [2ms]
2023-12-03 10:40:58.911 [info] > git for-each-ref --format=%(refname)%00%(upstream:short)%00%(objectname)%00%(upstream:track)%00%(upstream:remotename)%00%(upstream:remoteref) refs/heads/master refs/remotes/master [9ms]
2023-12-03 10:40:58.911 [info] > git status -z -uall [5ms]
2023-12-03 10:40:58.911 [info] > git config --get commit.template [4ms]
2023-12-03 10:40:58.913 [info] > git for-each-ref --format=%(refname)%00%(upstream:short)%00%(objectname)%00%(upstream:track)%00%(upstream:remotename)%00%(upstream:remoteref) refs/heads/master refs/remotes/master [3ms]
2023-12-03 10:40:58.919 [info] > git status -z -uall [1ms]
2023-12-03 10:40:59.686 [info] > git check-ignore -v -z --stdin [14ms]
2023-12-03 10:41:00.163 [info] > git show --textconv :FreeGroupTest.lean [84ms]
2023-12-03 10:41:00.164 [info] > git ls-files --stage -- /home/Bergschaf/banach-tarski/FreeGroupTest.lean [48ms]
2023-12-03 10:41:00.189 [info] > git cat-file -s 3625501d1e58cc89d84c77acdbf3f693d1cff49d [16ms]
2023-12-03 10:42:42.167 [info] > git config --get commit.template [1ms]
2023-12-03 10:42:42.173 [info] > git for-each-ref --format=%(refname)%00%(upstream:short)%00%(objectname)%00%(upstream:track)%00%(upstream:remotename)%00%(upstream:remoteref) refs/heads/master refs/remotes/master [2ms]
2023-12-03 10:42:42.178 [info] > git status -z -uall [1ms]
2023-12-03 10:44:03.448 [info] > git config --get commit.template [8ms]
2023-12-03 10:44:03.502 [info] > git for-each-ref --format=%(refname)%00%(upstream:short)%00%(objectname)%00%(upstream:track)%00%(upstream:remotename)%00%(upstream:remoteref) refs/heads/master refs/remotes/master [20ms]
2023-12-03 10:44:03.538 [info] > git status -z -uall [8ms]
2023-12-03 10:45:40.419 [info] > git config --get commit.template [7ms]
2023-12-03 10:45:40.420 [info] > git for-each-ref --format=%(refname)%00%(upstream:short)%00%(objectname)%00%(upstream:track)%00%(upstream:remotename)%00%(upstream:remoteref) refs/heads/master refs/remotes/master [3ms]
2023-12-03 10:45:40.430 [info] > git status -z -uall [2ms]
2023-12-03 10:48:26.083 [info] > git config --get commit.template [8ms]
2023-12-03 10:48:26.083 [info] > git for-each-ref --format=%(refname)%00%(upstream:short)%00%(objectname)%00%(upstream:track)%00%(upstream:remotename)%00%(upstream:remoteref) refs/heads/master refs/remotes/master [1ms]
2023-12-03 10:48:26.090 [info] > git status -z -uall [1ms]
2023-12-03 11:57:45.428 [info] > git config --get commit.template [48ms]
2023-12-03 11:57:45.613 [info] > git for-each-ref --format=%(refname)%00%(upstream:short)%00%(objectname)%00%(upstream:track)%00%(upstream:remotename)%00%(upstream:remoteref) refs/heads/master refs/remotes/master [29ms]
2023-12-03 11:57:45.733 [info] > git status -z -uall [31ms]
2023-12-03 12:14:26.222 [info] > git config --get commit.template [32ms]
2023-12-03 12:14:26.309 [info] > git for-each-ref --format=%(refname)%00%(upstream:short)%00%(objectname)%00%(upstream:track)%00%(upstream:remotename)%00%(upstream:remoteref) refs/heads/master refs/remotes/master [10ms]
2023-12-03 12:14:26.391 [info] > git status -z -uall [27ms]
2023-12-03 12:14:31.470 [info] > git config --get commit.template [3ms]
2023-12-03 12:14:31.503 [info] > git for-each-ref --format=%(refname)%00%(upstream:short)%00%(objectname)%00%(upstream:track)%00%(upstream:remotename)%00%(upstream:remoteref) refs/heads/master refs/remotes/master [4ms]
2023-12-03 12:14:31.535 [info] > git status -z -uall [6ms]
2023-12-03 12:14:40.280 [info] > git config --get commit.template [4ms]
2023-12-03 12:14:40.359 [info] > git for-each-ref --format=%(refname)%00%(upstream:short)%00%(objectname)%00%(upstream:track)%00%(upstream:remotename)%00%(upstream:remoteref) refs/heads/master refs/remotes/master [8ms]
2023-12-03 12:14:40.386 [info] > git status -z -uall [5ms]
2023-12-03 12:14:45.441 [info] > git config --get commit.template [6ms]
2023-12-03 12:14:45.473 [info] > git for-each-ref --format=%(refname)%00%(upstream:short)%00%(objectname)%00%(upstream:track)%00%(upstream:remotename)%00%(upstream:remoteref) refs/heads/master refs/remotes/master [5ms]
2023-12-03 12:14:45.518 [info] > git status -z -uall [6ms]
2023-12-03 12:14:50.594 [info] > git config --get commit.template [29ms]
2023-12-03 12:14:50.597 [info] > git for-each-ref --format=%(refname)%00%(upstream:short)%00%(objectname)%00%(upstream:track)%00%(upstream:remotename)%00%(upstream:remoteref) refs/heads/master refs/remotes/master [7ms]
2023-12-03 12:14:50.655 [info] > git status -z -uall [5ms]
2023-12-03 12:14:55.697 [info] > git config --get commit.template [2ms]
2023-12-03 12:14:55.723 [info] > git for-each-ref --format=%(refname)%00%(upstream:short)%00%(objectname)%00%(upstream:track)%00%(upstream:remotename)%00%(upstream:remoteref) refs/heads/master refs/remotes/master [5ms]
2023-12-03 12:14:55.760 [info] > git status -z -uall [11ms]
2023-12-03 12:15:00.805 [info] > git config --get commit.template [1ms]
2023-12-03 12:15:00.832 [info] > git for-each-ref --format=%(refname)%00%(upstream:short)%00%(objectname)%00%(upstream:track)%00%(upstream:remotename)%00%(upstream:remoteref) refs/heads/master refs/remotes/master [3ms]
2023-12-03 12:15:00.857 [info] > git status -z -uall [6ms]
2023-12-03 12:15:05.898 [info] > git config --get commit.template [2ms]
2023-12-03 12:15:05.927 [info] > git for-each-ref --format=%(refname)%00%(upstream:short)%00%(objectname)%00%(upstream:track)%00%(upstream:remotename)%00%(upstream:remoteref) refs/heads/master refs/remotes/master [1ms]
2023-12-03 12:15:05.962 [info] > git status -z -uall [9ms]
2023-12-03 12:15:11.009 [info] > git config --get commit.template [2ms]
2023-12-03 12:15:11.041 [info] > git for-each-ref --format=%(refname)%00%(upstream:short)%00%(objectname)%00%(upstream:track)%00%(upstream:remotename)%00%(upstream:remoteref) refs/heads/master refs/remotes/master [7ms]
2023-12-03 12:15:11.077 [info] > git status -z -uall [3ms]
2023-12-03 12:39:14.526 [info] > git config --get commit.template [18ms]
2023-12-03 12:39:14.605 [info] > git for-each-ref --format=%(refname)%00%(upstream:short)%00%(objectname)%00%(upstream:track)%00%(upstream:remotename)%00%(upstream:remoteref) refs/heads/master refs/remotes/master [15ms]
2023-12-03 12:39:14.672 [info] > git status -z -uall [13ms]
2023-12-03 12:39:19.755 [info] > git config --get commit.template [5ms]
2023-12-03 12:39:19.803 [info] > git for-each-ref --format=%(refname)%00%(upstream:short)%00%(objectname)%00%(upstream:track)%00%(upstream:remotename)%00%(upstream:remoteref) refs/heads/master refs/remotes/master [8ms]
2023-12-03 12:39:19.846 [info] > git status -z -uall [4ms]
