2023-12-02 14:13:27.961 [info] Log level: Info
2023-12-02 14:13:27.962 [info] Validating found git in: "git"
2023-12-02 14:13:27.962 [info] Using git "2.43.0" from "git"
2023-12-02 14:13:27.962 [info] > git rev-parse --show-toplevel [3ms]
2023-12-02 14:13:27.962 [info] > git rev-parse --git-dir --git-common-dir [1ms]
2023-12-02 14:13:27.962 [info] Open repository: /home/Bergschaf/banach-tarski
2023-12-02 14:13:27.962 [info] > git rev-parse --show-toplevel [11ms]
2023-12-02 14:13:27.962 [info] > git config --get commit.template [17ms]
2023-12-02 14:13:27.962 [info] > git for-each-ref --format=%(refname)%00%(upstream:short)%00%(objectname)%00%(upstream:track)%00%(upstream:remotename)%00%(upstream:remoteref) refs/heads/master refs/remotes/master [79ms]
2023-12-02 14:13:27.962 [info] > git status -z -uall [43ms]
2023-12-02 14:13:27.972 [info] > git config --get commit.template [2ms]
2023-12-02 14:13:27.980 [info] > git for-each-ref --format=%(refname)%00%(upstream:short)%00%(objectname)%00%(upstream:track)%00%(upstream:remotename)%00%(upstream:remoteref) refs/heads/master refs/remotes/master [1ms]
2023-12-02 14:13:27.989 [info] > git status -z -uall [2ms]
2023-12-02 14:13:28.335 [info] > git show --textconv :Basic.lean [36ms]
2023-12-02 14:13:28.335 [info] > git check-ignore -v -z --stdin [2ms]
2023-12-02 14:13:28.337 [info] > git ls-files --stage -- /home/Bergschaf/banach-tarski/Basic.lean [16ms]
2023-12-02 14:13:28.356 [info] > git cat-file -s ac93afd9671699de0b60378d513584bda4701075 [6ms]
2023-12-02 14:15:30.309 [info] > git config --get commit.template [4ms]
2023-12-02 14:15:30.378 [info] > git for-each-ref --format=%(refname)%00%(upstream:short)%00%(objectname)%00%(upstream:track)%00%(upstream:remotename)%00%(upstream:remoteref) refs/heads/master refs/remotes/master [13ms]
2023-12-02 14:15:30.437 [info] > git status -z -uall [9ms]
2023-12-02 14:29:11.732 [info] > git config --get commit.template [10ms]
2023-12-02 14:29:11.734 [info] > git for-each-ref --format=%(refname)%00%(upstream:short)%00%(objectname)%00%(upstream:track)%00%(upstream:remotename)%00%(upstream:remoteref) refs/heads/master refs/remotes/master [2ms]
2023-12-02 14:29:11.741 [info] > git status -z -uall [1ms]
2023-12-02 14:29:16.885 [info] > git for-each-ref --format=%(refname)%00%(upstream:short)%00%(objectname)%00%(upstream:track)%00%(upstream:remotename)%00%(upstream:remoteref) refs/heads/master refs/remotes/master [16ms]
2023-12-02 14:29:16.885 [info] > git config --get commit.template [89ms]
2023-12-02 14:29:16.965 [info] > git status -z -uall [14ms]
2023-12-02 14:29:35.864 [info] > git config --get commit.template [26ms]
2023-12-02 14:29:35.935 [info] > git for-each-ref --format=%(refname)%00%(upstream:short)%00%(objectname)%00%(upstream:track)%00%(upstream:remotename)%00%(upstream:remoteref) refs/heads/master refs/remotes/master [8ms]
2023-12-02 14:29:35.979 [info] > git status -z -uall [12ms]
2023-12-02 14:29:41.084 [info] > git config --get commit.template [3ms]
2023-12-02 14:29:41.141 [info] > git for-each-ref --format=%(refname)%00%(upstream:short)%00%(objectname)%00%(upstream:track)%00%(upstream:remotename)%00%(upstream:remoteref) refs/heads/master refs/remotes/master [16ms]
2023-12-02 14:29:41.230 [info] > git status -z -uall [17ms]
2023-12-02 14:30:14.934 [info] > git config --get commit.template [17ms]
2023-12-02 14:30:15.040 [info] > git for-each-ref --format=%(refname)%00%(upstream:short)%00%(objectname)%00%(upstream:track)%00%(upstream:remotename)%00%(upstream:remoteref) refs/heads/master refs/remotes/master [10ms]
2023-12-02 14:30:15.183 [info] > git status -z -uall [17ms]
2023-12-02 14:30:20.210 [info] > git config --get commit.template [2ms]
2023-12-02 14:30:20.217 [info] > git for-each-ref --format=%(refname)%00%(upstream:short)%00%(objectname)%00%(upstream:track)%00%(upstream:remotename)%00%(upstream:remoteref) refs/heads/master refs/remotes/master [1ms]
2023-12-02 14:30:20.230 [info] > git status -z -uall [2ms]
2023-12-02 14:30:25.275 [info] > git config --get commit.template [5ms]
2023-12-02 14:30:25.295 [info] > git for-each-ref --format=%(refname)%00%(upstream:short)%00%(objectname)%00%(upstream:track)%00%(upstream:remotename)%00%(upstream:remoteref) refs/heads/master refs/remotes/master [2ms]
2023-12-02 14:30:25.314 [info] > git status -z -uall [4ms]
2023-12-02 14:32:16.376 [info] > git for-each-ref --format=%(refname)%00%(upstream:short)%00%(objectname)%00%(upstream:track)%00%(upstream:remotename)%00%(upstream:remoteref) refs/heads/master refs/remotes/master [3ms]
2023-12-02 14:32:16.385 [info] > git config --get commit.template [28ms]
2023-12-02 14:32:16.437 [info] > git status -z -uall [19ms]
2023-12-02 14:32:21.464 [info] > git config --get commit.template [11ms]
2023-12-02 14:32:21.466 [info] > git for-each-ref --format=%(refname)%00%(upstream:short)%00%(objectname)%00%(upstream:track)%00%(upstream:remotename)%00%(upstream:remoteref) refs/heads/master refs/remotes/master [3ms]
2023-12-02 14:32:21.476 [info] > git status -z -uall [1ms]
2023-12-02 14:41:33.591 [info] > git show --textconv :FreeGroupTest.lean [7ms]
2023-12-02 14:41:33.592 [info] > git ls-files --stage -- /home/Bergschaf/banach-tarski/FreeGroupTest.lean [2ms]
2023-12-02 14:41:33.827 [info] > git check-ignore -v -z --stdin [4ms]
2023-12-02 14:41:34.340 [info] > git config --get commit.template [2ms]
2023-12-02 14:41:34.366 [info] > git for-each-ref --format=%(refname)%00%(upstream:short)%00%(objectname)%00%(upstream:track)%00%(upstream:remotename)%00%(upstream:remoteref) refs/heads/master refs/remotes/master [8ms]
2023-12-02 14:41:34.385 [info] > git status -z -uall [2ms]
2023-12-02 14:41:35.166 [info] > git show --textconv :Basic.lean [6ms]
2023-12-02 14:41:35.168 [info] > git ls-files --stage -- /home/Bergschaf/banach-tarski/Basic.lean [2ms]
2023-12-02 14:41:35.179 [info] > git cat-file -s ac93afd9671699de0b60378d513584bda4701075 [2ms]
2023-12-02 14:41:37.855 [info] > git show --textconv :FreeGroupTest.lean [7ms]
2023-12-02 14:41:37.857 [info] > git ls-files --stage -- /home/Bergschaf/banach-tarski/FreeGroupTest.lean [2ms]
2023-12-02 14:41:39.546 [info] > git config --get commit.template [19ms]
2023-12-02 14:41:39.546 [info] > git for-each-ref --format=%(refname)%00%(upstream:short)%00%(objectname)%00%(upstream:track)%00%(upstream:remotename)%00%(upstream:remoteref) refs/heads/master refs/remotes/master [2ms]
2023-12-02 14:41:39.561 [info] > git status -z -uall [6ms]
2023-12-02 14:45:44.310 [info] > git config --get commit.template [9ms]
2023-12-02 14:45:44.311 [info] > git for-each-ref --format=%(refname)%00%(upstream:short)%00%(objectname)%00%(upstream:track)%00%(upstream:remotename)%00%(upstream:remoteref) refs/heads/master refs/remotes/master [2ms]
2023-12-02 14:45:44.318 [info] > git status -z -uall [1ms]
2023-12-02 15:00:34.452 [info] > git config --get commit.template [7ms]
2023-12-02 15:00:34.490 [info] > git for-each-ref --format=%(refname)%00%(upstream:short)%00%(objectname)%00%(upstream:track)%00%(upstream:remotename)%00%(upstream:remoteref) refs/heads/master refs/remotes/master [11ms]
2023-12-02 15:00:34.526 [info] > git status -z -uall [10ms]
2023-12-02 15:00:39.547 [info] > git config --get commit.template [6ms]
2023-12-02 15:00:39.548 [info] > git for-each-ref --format=%(refname)%00%(upstream:short)%00%(objectname)%00%(upstream:track)%00%(upstream:remotename)%00%(upstream:remoteref) refs/heads/master refs/remotes/master [1ms]
2023-12-02 15:00:39.558 [info] > git status -z -uall [4ms]
2023-12-02 15:03:41.441 [info] > git config --get commit.template [1ms]
2023-12-02 15:03:41.447 [info] > git for-each-ref --format=%(refname)%00%(upstream:short)%00%(objectname)%00%(upstream:track)%00%(upstream:remotename)%00%(upstream:remoteref) refs/heads/master refs/remotes/master [1ms]
2023-12-02 15:03:41.457 [info] > git status -z -uall [1ms]
2023-12-02 15:03:47.918 [info] > git config --get commit.template [3ms]
2023-12-02 15:03:47.939 [info] > git for-each-ref --format=%(refname)%00%(upstream:short)%00%(objectname)%00%(upstream:track)%00%(upstream:remotename)%00%(upstream:remoteref) refs/heads/master refs/remotes/master [2ms]
2023-12-02 15:03:47.957 [info] > git status -z -uall [4ms]
2023-12-02 15:07:45.708 [info] > git config --get commit.template [13ms]
2023-12-02 15:07:45.708 [info] > git for-each-ref --format=%(refname)%00%(upstream:short)%00%(objectname)%00%(upstream:track)%00%(upstream:remotename)%00%(upstream:remoteref) refs/heads/master refs/remotes/master [1ms]
2023-12-02 15:07:45.724 [info] > git status -z -uall [2ms]
2023-12-02 15:10:54.793 [info] > git config --get commit.template [8ms]
2023-12-02 15:10:54.794 [info] > git for-each-ref --format=%(refname)%00%(upstream:short)%00%(objectname)%00%(upstream:track)%00%(upstream:remotename)%00%(upstream:remoteref) refs/heads/master refs/remotes/master [2ms]
2023-12-02 15:10:54.805 [info] > git status -z -uall [4ms]
2023-12-02 15:18:46.343 [info] > git rev-parse --show-toplevel [3ms]
2023-12-02 15:18:46.343 [info] fatal: not a git repository (or any of the parent directories): .git
2023-12-02 15:19:24.339 [info] > git show --textconv :FreeGroupTest.lean [51ms]
2023-12-02 15:19:24.357 [info] > git ls-files --stage -- /home/Bergschaf/banach-tarski/FreeGroupTest.lean [20ms]
2023-12-02 15:19:33.906 [info] > git rev-parse --show-toplevel [2ms]
2023-12-02 15:19:33.907 [info] fatal: not a git repository (or any of the parent directories): .git
2023-12-02 15:19:35.909 [info] > git show --textconv :FreeGroupTest.lean [3ms]
2023-12-02 15:19:35.957 [info] > git ls-files --stage -- /home/Bergschaf/banach-tarski/FreeGroupTest.lean [4ms]
2023-12-02 15:19:51.791 [info] > git rev-parse --show-toplevel [1ms]
2023-12-02 15:19:51.791 [info] fatal: not a git repository (or any of the parent directories): .git
2023-12-02 15:21:24.747 [info] > git show --textconv :Basic.lean [38ms]
2023-12-02 15:21:24.757 [info] > git ls-files --stage -- /home/Bergschaf/banach-tarski/Basic.lean [18ms]
2023-12-02 15:21:24.813 [info] > git cat-file -s ac93afd9671699de0b60378d513584bda4701075 [17ms]
2023-12-02 15:21:27.513 [info] > git show --textconv :FreeGroupTest.lean [45ms]
2023-12-02 15:21:27.537 [info] > git ls-files --stage -- /home/Bergschaf/banach-tarski/FreeGroupTest.lean [33ms]
2023-12-02 15:22:02.922 [info] > git show --textconv :lake-packages/mathlib/Mathlib/GroupTheory/FreeGroup/Basic.lean [57ms]
2023-12-02 15:22:02.929 [info] > git ls-files --stage -- /home/Bergschaf/banach-tarski/lake-packages/mathlib/Mathlib/GroupTheory/FreeGroup/Basic.lean [17ms]
2023-12-02 15:22:03.038 [info] > git check-ignore -v -z --stdin [9ms]
2023-12-02 15:22:19.500 [info] > git show --textconv :FreeGroupTest.lean [57ms]
2023-12-02 15:22:19.515 [info] > git ls-files --stage -- /home/Bergschaf/banach-tarski/FreeGroupTest.lean [22ms]
2023-12-02 15:23:06.387 [info] > git show --textconv :lake-packages/mathlib/Mathlib/GroupTheory/FreeGroup/Basic.lean [48ms]
2023-12-02 15:23:06.390 [info] > git ls-files --stage -- /home/Bergschaf/banach-tarski/lake-packages/mathlib/Mathlib/GroupTheory/FreeGroup/Basic.lean [6ms]
2023-12-02 15:23:08.122 [info] > git show --textconv :FreeGroupTest.lean [18ms]
2023-12-02 15:23:08.132 [info] > git ls-files --stage -- /home/Bergschaf/banach-tarski/FreeGroupTest.lean [12ms]
2023-12-02 15:23:20.294 [info] > git show --textconv :lake-packages/mathlib/Mathlib/GroupTheory/FreeGroup/Basic.lean [27ms]
2023-12-02 15:23:20.304 [info] > git ls-files --stage -- /home/Bergschaf/banach-tarski/lake-packages/mathlib/Mathlib/GroupTheory/FreeGroup/Basic.lean [13ms]
2023-12-02 15:23:22.543 [info] > git show --textconv :FreeGroupTest.lean [66ms]
2023-12-02 15:23:22.567 [info] > git ls-files --stage -- /home/Bergschaf/banach-tarski/FreeGroupTest.lean [25ms]
2023-12-02 15:23:33.303 [info] > git show --textconv :lake-packages/mathlib/Mathlib/GroupTheory/FreeGroup/Basic.lean [65ms]
2023-12-02 15:23:33.303 [info] > git ls-files --stage -- /home/Bergschaf/banach-tarski/lake-packages/mathlib/Mathlib/GroupTheory/FreeGroup/Basic.lean [1ms]
2023-12-02 15:23:35.999 [info] > git show --textconv :FreeGroupTest.lean [42ms]
2023-12-02 15:23:36.006 [info] > git ls-files --stage -- /home/Bergschaf/banach-tarski/FreeGroupTest.lean [11ms]
2023-12-02 15:23:37.048 [info] > git show --textconv :lake-packages/mathlib/Mathlib/GroupTheory/FreeGroup/Basic.lean [29ms]
2023-12-02 15:23:37.056 [info] > git ls-files --stage -- /home/Bergschaf/banach-tarski/lake-packages/mathlib/Mathlib/GroupTheory/FreeGroup/Basic.lean [12ms]
2023-12-02 15:23:43.147 [info] > git show --textconv :FreeGroupTest.lean [35ms]
2023-12-02 15:23:43.152 [info] > git ls-files --stage -- /home/Bergschaf/banach-tarski/FreeGroupTest.lean [10ms]
2023-12-02 15:23:48.531 [info] > git rev-parse --show-toplevel [2ms]
2023-12-02 15:23:48.531 [info] fatal: not a git repository (or any of the parent directories): .git
2023-12-02 15:24:39.712 [info] > git show --textconv :Basic.lean [24ms]
2023-12-02 15:24:39.719 [info] > git ls-files --stage -- /home/Bergschaf/banach-tarski/Basic.lean [11ms]
2023-12-02 15:24:39.751 [info] > git cat-file -s ac93afd9671699de0b60378d513584bda4701075 [4ms]
2023-12-02 15:24:40.652 [info] > git show --textconv :FreeGroupTest.lean [21ms]
2023-12-02 15:24:40.656 [info] > git ls-files --stage -- /home/Bergschaf/banach-tarski/FreeGroupTest.lean [6ms]
2023-12-02 15:24:40.870 [info] > git rev-parse --show-toplevel [3ms]
2023-12-02 15:24:40.870 [info] fatal: not a git repository (or any of the parent directories): .git
2023-12-02 15:24:48.075 [info] > git show --textconv :FreeGroupTest.lean [36ms]
2023-12-02 15:24:48.083 [info] > git ls-files --stage -- /home/Bergschaf/banach-tarski/FreeGroupTest.lean [13ms]
2023-12-02 15:26:32.271 [info] > git show --textconv :lake-packages/mathlib/Mathlib/GroupTheory/FreeGroup/Basic.lean [23ms]
2023-12-02 15:26:32.277 [info] > git ls-files --stage -- /home/Bergschaf/banach-tarski/lake-packages/mathlib/Mathlib/GroupTheory/FreeGroup/Basic.lean [7ms]
2023-12-02 15:26:38.407 [info] > git show --textconv :FreeGroupTest.lean [35ms]
2023-12-02 15:26:38.410 [info] > git ls-files --stage -- /home/Bergschaf/banach-tarski/FreeGroupTest.lean [7ms]
2023-12-02 15:26:48.168 [info] > git show --textconv :lake-packages/mathlib/Mathlib/GroupTheory/FreeGroup/Basic.lean [25ms]
2023-12-02 15:26:48.169 [info] > git ls-files --stage -- /home/Bergschaf/banach-tarski/lake-packages/mathlib/Mathlib/GroupTheory/FreeGroup/Basic.lean [3ms]
2023-12-02 15:26:54.184 [info] > git show --textconv :FreeGroupTest.lean [25ms]
2023-12-02 15:26:54.188 [info] > git ls-files --stage -- /home/Bergschaf/banach-tarski/FreeGroupTest.lean [5ms]
2023-12-02 15:27:23.166 [info] > git show --textconv :lake-packages/mathlib/Mathlib/GroupTheory/FreeGroup/Basic.lean [47ms]
2023-12-02 15:27:23.173 [info] > git ls-files --stage -- /home/Bergschaf/banach-tarski/lake-packages/mathlib/Mathlib/GroupTheory/FreeGroup/Basic.lean [11ms]
2023-12-02 15:27:26.603 [info] > git show --textconv :FreeGroupTest.lean [39ms]
2023-12-02 15:27:26.606 [info] > git ls-files --stage -- /home/Bergschaf/banach-tarski/FreeGroupTest.lean [6ms]
2023-12-02 15:27:36.017 [info] > git rev-parse --show-toplevel [2ms]
2023-12-02 15:27:36.017 [info] fatal: not a git repository (or any of the parent directories): .git
2023-12-02 15:27:52.174 [info] > git show --textconv :FreeGroupTest.lean [24ms]
2023-12-02 15:27:52.178 [info] > git ls-files --stage -- /home/Bergschaf/banach-tarski/FreeGroupTest.lean [5ms]
2023-12-02 15:28:07.241 [info] > git rev-parse --show-toplevel [3ms]
2023-12-02 15:28:07.241 [info] fatal: not a git repository (or any of the parent directories): .git
2023-12-02 15:28:17.558 [info] > git show --textconv :Basic.lean [26ms]
2023-12-02 15:28:17.560 [info] > git ls-files --stage -- /home/Bergschaf/banach-tarski/Basic.lean [9ms]
2023-12-02 15:28:17.582 [info] > git cat-file -s ac93afd9671699de0b60378d513584bda4701075 [5ms]
2023-12-02 15:28:24.190 [info] > git show --textconv :FreeGroupTest.lean [6ms]
2023-12-02 15:28:24.191 [info] > git ls-files --stage -- /home/Bergschaf/banach-tarski/FreeGroupTest.lean [1ms]
2023-12-02 15:29:22.253 [info] > git config --get commit.template [2ms]
2023-12-02 15:29:22.263 [info] > git for-each-ref --format=%(refname)%00%(upstream:short)%00%(objectname)%00%(upstream:track)%00%(upstream:remotename)%00%(upstream:remoteref) refs/heads/master refs/remotes/master [2ms]
2023-12-02 15:29:22.269 [info] > git status -z -uall [1ms]
2023-12-02 15:33:29.756 [info] > git config --get commit.template [6ms]
2023-12-02 15:33:29.756 [info] > git for-each-ref --format=%(refname)%00%(upstream:short)%00%(objectname)%00%(upstream:track)%00%(upstream:remotename)%00%(upstream:remoteref) refs/heads/master refs/remotes/master [1ms]
2023-12-02 15:33:29.767 [info] > git status -z -uall [2ms]
2023-12-02 16:03:18.669 [info] > git config --get commit.template [16ms]
2023-12-02 16:03:18.671 [info] > git for-each-ref --format=%(refname)%00%(upstream:short)%00%(objectname)%00%(upstream:track)%00%(upstream:remotename)%00%(upstream:remoteref) refs/heads/master refs/remotes/master [3ms]
2023-12-02 16:03:18.693 [info] > git status -z -uall [3ms]
2023-12-02 16:06:59.655 [info] > git config --get commit.template [7ms]
2023-12-02 16:06:59.656 [info] > git for-each-ref --format=%(refname)%00%(upstream:short)%00%(objectname)%00%(upstream:track)%00%(upstream:remotename)%00%(upstream:remoteref) refs/heads/master refs/remotes/master [1ms]
2023-12-02 16:06:59.662 [info] > git status -z -uall [1ms]
2023-12-02 16:07:15.215 [info] > git config --get commit.template [6ms]
2023-12-02 16:07:15.257 [info] > git for-each-ref --format=%(refname)%00%(upstream:short)%00%(objectname)%00%(upstream:track)%00%(upstream:remotename)%00%(upstream:remoteref) refs/heads/master refs/remotes/master [3ms]
2023-12-02 16:07:15.314 [info] > git status -z -uall [10ms]
2023-12-02 16:17:18.686 [info] > git config --get commit.template [11ms]
2023-12-02 16:17:18.687 [info] > git for-each-ref --format=%(refname)%00%(upstream:short)%00%(objectname)%00%(upstream:track)%00%(upstream:remotename)%00%(upstream:remoteref) refs/heads/master refs/remotes/master [2ms]
2023-12-02 16:17:18.703 [info] > git status -z -uall [4ms]
2023-12-02 16:19:39.022 [info] > git show --textconv :lake-packages/mathlib/Mathlib/GroupTheory/FreeGroup/Basic.lean [44ms]
2023-12-02 16:19:39.026 [info] > git ls-files --stage -- /home/Bergschaf/banach-tarski/lake-packages/mathlib/Mathlib/GroupTheory/FreeGroup/Basic.lean [10ms]
2023-12-02 16:19:42.155 [info] > git show --textconv :FreeGroupTest.lean [1ms]
2023-12-02 16:19:42.221 [info] > git ls-files --stage -- /home/Bergschaf/banach-tarski/FreeGroupTest.lean [11ms]
2023-12-02 16:49:20.929 [info] > git config --get commit.template [4ms]
2023-12-02 16:49:20.953 [info] > git for-each-ref --format=%(refname)%00%(upstream:short)%00%(objectname)%00%(upstream:track)%00%(upstream:remotename)%00%(upstream:remoteref) refs/heads/master refs/remotes/master [2ms]
2023-12-02 16:49:20.998 [info] > git status -z -uall [10ms]
2023-12-02 16:49:24.126 [info] > git add -A -- /home/Bergschaf/banach-tarski/FreeGroupTest.lean [1ms]
2023-12-02 16:49:24.146 [info] > git for-each-ref --format=%(refname)%00%(upstream:short)%00%(objectname)%00%(upstream:track)%00%(upstream:remotename)%00%(upstream:remoteref) refs/heads/master refs/remotes/master [2ms]
2023-12-02 16:49:24.147 [info] > git config --get commit.template [13ms]
2023-12-02 16:49:24.154 [info] > git status -z -uall [2ms]
2023-12-02 16:49:25.333 [info] > git ls-files --stage -- /home/Bergschaf/banach-tarski/FreeGroupTest.lean [1ms]
2023-12-02 16:49:25.347 [info] > git cat-file -s 3625501d1e58cc89d84c77acdbf3f693d1cff49d [2ms]
2023-12-02 16:49:25.358 [info] > git show --textconv :FreeGroupTest.lean [2ms]
2023-12-02 16:49:26.085 [info] > git config --get commit.template [25ms]
2023-12-02 16:49:26.161 [info] > git for-each-ref --format=%(refname)%00%(upstream:short)%00%(objectname)%00%(upstream:track)%00%(upstream:remotename)%00%(upstream:remoteref) refs/heads/master refs/remotes/master [9ms]
2023-12-02 16:49:26.199 [info] > git status -z -uall [6ms]
2023-12-02 16:49:30.826 [info] > git -c user.useConfigOnly=true commit --quiet --allow-empty-message --file - [18ms]
2023-12-02 16:49:30.853 [info] > git config --get commit.template [2ms]
2023-12-02 16:49:30.909 [info] > git config --get commit.template [26ms]
2023-12-02 16:49:30.911 [info] > git for-each-ref --format=%(refname)%00%(upstream:short)%00%(objectname)%00%(upstream:track)%00%(upstream:remotename)%00%(upstream:remoteref) refs/heads/master refs/remotes/master [6ms]
2023-12-02 16:49:30.938 [info] > git status -z -uall [5ms]
2023-12-02 16:49:31.286 [info] > git config --get commit.template [3ms]
2023-12-02 16:49:31.314 [info] > git for-each-ref --format=%(refname)%00%(upstream:short)%00%(objectname)%00%(upstream:track)%00%(upstream:remotename)%00%(upstream:remoteref) refs/heads/master refs/remotes/master [2ms]
2023-12-02 16:49:31.344 [info] > git status -z -uall [7ms]
2023-12-02 16:49:32.118 [info] > git ls-files --stage -- /home/Bergschaf/banach-tarski/FreeGroupTest.lean [2ms]
2023-12-02 16:49:32.152 [info] > git cat-file -s 3625501d1e58cc89d84c77acdbf3f693d1cff49d [2ms]
2023-12-02 16:49:32.185 [info] > git show --textconv :FreeGroupTest.lean [1ms]
2023-12-02 17:04:10.661 [info] > git config --get commit.template [18ms]
2023-12-02 17:04:10.662 [info] > git for-each-ref --format=%(refname)%00%(upstream:short)%00%(objectname)%00%(upstream:track)%00%(upstream:remotename)%00%(upstream:remoteref) refs/heads/master refs/remotes/master [3ms]
2023-12-02 17:04:10.672 [info] > git status -z -uall [1ms]
