2023-12-03 12:39:56.887 [info] Extension host with pid 14987 started
2023-12-03 12:39:56.888 [info] Skipping acquiring lock for /home/Bergschaf/.config/Code - OSS/User/workspaceStorage/c37be2b6d3a947e46d1d68ce4f71ead9.
2023-12-03 12:39:57.146 [info] ExtensionService#_doActivateExtension leanprover.lean4, startup: false, activationEvent: 'onLanguage:lean'
2023-12-03 12:39:58.033 [info] ExtensionService#_doActivateExtension vscode.emmet, startup: false, activationEvent: 'onLanguage'
2023-12-03 12:39:59.302 [info] ExtensionService#_doActivateExtension vscode.git-base, startup: true, activationEvent: '*', root cause: vscode.git
2023-12-03 12:40:00.629 [info] ExtensionService#_doActivateExtension vscode.git, startup: true, activationEvent: '*'
2023-12-03 12:40:01.374 [info] ExtensionService#_doActivateExtension vscode.github, startup: true, activationEvent: '*'
2023-12-03 12:40:02.773 [info] Eager extensions activated
2023-12-03 12:40:04.314 [info] ExtensionService#_doActivateExtension vscode.debug-auto-launch, startup: false, activationEvent: 'onStartupFinished'
2023-12-03 12:40:04.336 [info] ExtensionService#_doActivateExtension vscode.merge-conflict, startup: false, activationEvent: 'onStartupFinished'
2023-12-03 12:40:04.617 [info] ExtensionService#_doActivateExtension bierner.color-info, startup: false, activationEvent: 'onStartupFinished'
2023-12-03 12:40:04.686 [info] ExtensionService#_doActivateExtension YuTengjing.vscode-colorize-plus, startup: false, activationEvent: 'onStartupFinished'
2023-12-03 12:40:06.442 [info] ExtensionService#_doActivateExtension vscode.github-authentication, startup: false, activationEvent: 'onAuthenticationRequest:github'
2023-12-03 12:51:02.163 [info] Extension host terminating: renderer closed the MessagePort
2023-12-03 12:51:02.349 [error] Canceled: Canceled
	at new f (/usr/lib/code/out/vs/workbench/api/node/extensionHostProcess.js:125:108614)
	at n.U (/usr/lib/code/out/vs/workbench/api/node/extensionHostProcess.js:134:10873)
	at F.<computed>.z.charCodeAt.F.<computed> (/usr/lib/code/out/vs/workbench/api/node/extensionHostProcess.js:134:8315)
	at i.g (/usr/lib/code/out/vs/workbench/api/node/extensionHostProcess.js:125:139130)
	at i.executeCommand (/usr/lib/code/out/vs/workbench/api/node/extensionHostProcess.js:125:138568)
	at $.registerCommand.description (/usr/lib/code/out/vs/workbench/api/node/extensionHostProcess.js:125:137892)
	at i.h (/usr/lib/code/out/vs/workbench/api/node/extensionHostProcess.js:125:139669)
	at i.g (/usr/lib/code/out/vs/workbench/api/node/extensionHostProcess.js:125:138661)
	at i.executeCommand (/usr/lib/code/out/vs/workbench/api/node/extensionHostProcess.js:125:138568)
	at Object.executeCommand (/usr/lib/code/out/vs/workbench/api/node/extensionHostProcess.js:140:21329)
	at h.D [as value] (/usr/lib/code/extensions/git/dist/main.js:2:1316925)
	at c.y (/usr/lib/code/out/vs/workbench/api/node/extensionHostProcess.js:80:1902)
	at c.z (/usr/lib/code/out/vs/workbench/api/node/extensionHostProcess.js:80:1972)
	at c.fire (/usr/lib/code/out/vs/workbench/api/node/extensionHostProcess.js:80:2188)
	at Object.m [as dispose] (/usr/lib/code/extensions/git/dist/main.js:2:1332842)
	at /usr/lib/code/extensions/git/dist/main.js:2:1337795
	at Array.forEach (<anonymous>)
	at g.dispose (/usr/lib/code/extensions/git/dist/main.js:2:1337781)
	at v.<anonymous> (/usr/lib/code/out/vs/workbench/api/node/extensionHostProcess.js:121:3572)
	at v.dispose (/usr/lib/code/out/vs/workbench/api/node/extensionHostProcess.js:121:3669)
	at v.<anonymous> (/usr/lib/code/extensions/git/dist/main.js:2:1318937)
	at v.dispose (/usr/lib/code/out/vs/workbench/api/node/extensionHostProcess.js:121:3669)
	at o (/usr/lib/code/out/vs/workbench/api/node/extensionHostProcess.js:30:754)
	at h.cb (/usr/lib/code/out/vs/workbench/api/node/extensionHostProcess.js:136:9843)
	at /usr/lib/code/out/vs/workbench/api/node/extensionHostProcess.js:136:7793
	at Array.map (<anonymous>)
	at h.Y (/usr/lib/code/out/vs/workbench/api/node/extensionHostProcess.js:136:7781)
	at h.terminate (/usr/lib/code/out/vs/workbench/api/node/extensionHostProcess.js:136:8051)
	at o.terminate (/usr/lib/code/out/vs/workbench/api/node/extensionHostProcess.js:140:1513)
	at a (/usr/lib/code/out/vs/workbench/api/node/extensionHostProcess.js:153:9817)
	at MessagePortMain.<anonymous> (/usr/lib/code/out/vs/workbench/api/node/extensionHostProcess.js:153:6242)
	at MessagePortMain.emit (node:events:513:28)
	at MessagePortMain._internalPort.emit (node:electron/js2c/utility_init:2:367) setContext undefined
2023-12-03 12:51:02.367 [error] Canceled: Canceled
	at new f (/usr/lib/code/out/vs/workbench/api/node/extensionHostProcess.js:125:108614)
	at n.U (/usr/lib/code/out/vs/workbench/api/node/extensionHostProcess.js:134:10873)
	at F.<computed>.z.charCodeAt.F.<computed> (/usr/lib/code/out/vs/workbench/api/node/extensionHostProcess.js:134:8315)
	at i.g (/usr/lib/code/out/vs/workbench/api/node/extensionHostProcess.js:125:139130)
	at i.executeCommand (/usr/lib/code/out/vs/workbench/api/node/extensionHostProcess.js:125:138568)
	at $.registerCommand.description (/usr/lib/code/out/vs/workbench/api/node/extensionHostProcess.js:125:137892)
	at i.h (/usr/lib/code/out/vs/workbench/api/node/extensionHostProcess.js:125:139669)
	at i.g (/usr/lib/code/out/vs/workbench/api/node/extensionHostProcess.js:125:138661)
	at i.executeCommand (/usr/lib/code/out/vs/workbench/api/node/extensionHostProcess.js:125:138568)
	at Object.executeCommand (/usr/lib/code/out/vs/workbench/api/node/extensionHostProcess.js:140:21329)
	at set b [as b] (/usr/lib/code/extensions/github/dist/extension.js:2:714708)
	at /usr/lib/code/extensions/github/dist/extension.js:2:715349
	at h.value (/usr/lib/code/extensions/git/dist/main.js:2:1408111)
	at c.y (/usr/lib/code/out/vs/workbench/api/node/extensionHostProcess.js:80:1902)
	at c.z (/usr/lib/code/out/vs/workbench/api/node/extensionHostProcess.js:80:1972)
	at c.fire (/usr/lib/code/out/vs/workbench/api/node/extensionHostProcess.js:80:2188)
	at Object.m [as dispose] (/usr/lib/code/extensions/git/dist/main.js:2:1332842)
	at /usr/lib/code/extensions/git/dist/main.js:2:1337795
	at Array.forEach (<anonymous>)
	at g.dispose (/usr/lib/code/extensions/git/dist/main.js:2:1337781)
	at v.<anonymous> (/usr/lib/code/out/vs/workbench/api/node/extensionHostProcess.js:121:3572)
	at v.dispose (/usr/lib/code/out/vs/workbench/api/node/extensionHostProcess.js:121:3669)
	at v.<anonymous> (/usr/lib/code/extensions/git/dist/main.js:2:1318937)
	at v.dispose (/usr/lib/code/out/vs/workbench/api/node/extensionHostProcess.js:121:3669)
	at o (/usr/lib/code/out/vs/workbench/api/node/extensionHostProcess.js:30:754)
	at h.cb (/usr/lib/code/out/vs/workbench/api/node/extensionHostProcess.js:136:9843)
	at /usr/lib/code/out/vs/workbench/api/node/extensionHostProcess.js:136:7793
	at Array.map (<anonymous>)
	at h.Y (/usr/lib/code/out/vs/workbench/api/node/extensionHostProcess.js:136:7781)
	at h.terminate (/usr/lib/code/out/vs/workbench/api/node/extensionHostProcess.js:136:8051)
	at o.terminate (/usr/lib/code/out/vs/workbench/api/node/extensionHostProcess.js:140:1513)
	at a (/usr/lib/code/out/vs/workbench/api/node/extensionHostProcess.js:153:9817)
	at MessagePortMain.<anonymous> (/usr/lib/code/out/vs/workbench/api/node/extensionHostProcess.js:153:6242)
	at MessagePortMain.emit (node:events:513:28)
	at MessagePortMain._internalPort.emit (node:electron/js2c/utility_init:2:367) setContext undefined
2023-12-03 12:51:02.368 [info] Extension host with pid 14987 exiting with code 0
